# JRE version: Java(TM) SE Runtime Environment (8.0_131-b11) (build 1.8.0_131-b11)
# Java VM: Java HotSpot(TM) Client VM (25.131-b11 mixed mode windows-x86 )
Heap:
 def new generation   total 5056K, used 2675K [0x04200000, 0x04770000, 0x09750000)
  eden space 4544K,  47% used [0x04200000, 0x0441ccc0, 0x04670000)
  from space 512K, 100% used [0x046f0000, 0x04770000, 0x04770000)
  to   space 512K,   0% used [0x04670000, 0x04670000, 0x046f0000)
 tenured generation   total 10944K, used 5117K [0x09750000, 0x0a200000, 0x14200000)
   the space 10944K,  46% used [0x09750000, 0x09c4f460, 0x09c4f600, 0x0a200000)
 Metaspace       used 13340K, capacity 13538K, committed 13696K, reserved 13696K
GC Heap History (10 events):
Event: 1.928 GC heap before
{Heap before GC invocations=21 (full 2):
 def new generation   total 5056K, used 5055K [0x04200000, 0x04770000, 0x09750000)
  eden space 4544K, 100% used [0x04200000, 0x04670000, 0x04670000)
  from space 512K,  99% used [0x04670000, 0x046efff8, 0x046f0000)
  to   space 512K,   0% used [0x046f0000, 0x046f0000, 0x04770000)
 tenured generation   total 10944K, used 7073K [0x09750000, 0x0a200000, 0x14200000)
   the space 10944K,  64% used [0x09750000, 0x09e38560, 0x09e38600, 0x0a200000)
 Metaspace       used 10496K, capacity 10670K, committed 10752K, reserved 11648K
Event: 1.929 GC heap after
Heap after GC invocations=22 (full 2):
 def new generation   total 5056K, used 511K [0x04200000, 0x04770000, 0x09750000)
  eden space 4544K,   0% used [0x04200000, 0x04200000, 0x04670000)
  from space 512K,  99% used [0x046f0000, 0x0476fff8, 0x04770000)
  to   space 512K,   0% used [0x04670000, 0x04670000, 0x046f0000)
 tenured generation   total 10944K, used 8108K [0x09750000, 0x0a200000, 0x14200000)
   the space 10944K,  74% used [0x09750000, 0x09f3b1e8, 0x09f3b200, 0x0a200000)
 Metaspace       used 10496K, capacity 10670K, committed 10752K, reserved 11648K
}
Event: 1.945 GC heap before
{Heap before GC invocations=22 (full 2):
 def new generation   total 5056K, used 5055K [0x04200000, 0x04770000, 0x09750000)
  eden space 4544K, 100% used [0x04200000, 0x04670000, 0x04670000)
  from space 512K,  99% used [0x046f0000, 0x0476fff8, 0x04770000)
  to   space 512K,   0% used [0x04670000, 0x04670000, 0x046f0000)
 tenured generation   total 10944K, used 8108K [0x09750000, 0x0a200000, 0x14200000)
   the space 10944K,  74% used [0x09750000, 0x09f3b1e8, 0x09f3b200, 0x0a200000)
 Metaspace       used 10496K, capacity 10670K, committed 10752K, reserved 11648K
Event: 1.946 GC heap after
Heap after GC invocations=23 (full 2):
 def new generation   total 5056K, used 511K [0x04200000, 0x04770000, 0x09750000)
  eden space 4544K,   0% used [0x04200000, 0x04200000, 0x04670000)
  from space 512K,  99% used [0x04670000, 0x046efff8, 0x046f0000)
  to   space 512K,   0% used [0x046f0000, 0x046f0000, 0x04770000)
 tenured generation   total 10944K, used 9229K [0x09750000, 0x0a200000, 0x14200000)
   the space 10944K,  84% used [0x09750000, 0x0a0536c8, 0x0a053800, 0x0a200000)
 Metaspace       used 10496K, capacity 10670K, committed 10752K, reserved 11648K
}
Event: 2.119 GC heap before
{Heap before GC invocations=23 (full 2):
 def new generation   total 5056K, used 5055K [0x04200000, 0x04770000, 0x09750000)
  eden space 4544K, 100% used [0x04200000, 0x04670000, 0x04670000)
  from space 512K,  99% used [0x04670000, 0x046efff8, 0x046f0000)
  to   space 512K,   0% used [0x046f0000, 0x046f0000, 0x04770000)
 tenured generation   total 10944K, used 9229K [0x09750000, 0x0a200000, 0x14200000)
   the space 10944K,  84% used [0x09750000, 0x0a0536c8, 0x0a053800, 0x0a200000)
 Metaspace       used 11194K, capacity 11392K, committed 11520K, reserved 11648K
Event: 2.121 GC heap after
Heap after GC invocations=24 (full 2):
 def new generation   total 5056K, used 512K [0x04200000, 0x04770000, 0x09750000)
  eden space 4544K,   0% used [0x04200000, 0x04200000, 0x04670000)
  from space 512K, 100% used [0x046f0000, 0x04770000, 0x04770000)
  to   space 512K,   0% used [0x04670000, 0x04670000, 0x046f0000)
 tenured generation   total 10944K, used 9983K [0x09750000, 0x0a200000, 0x14200000)
   the space 10944K,  91% used [0x09750000, 0x0a10fc88, 0x0a10fe00, 0x0a200000)
 Metaspace       used 11194K, capacity 11392K, committed 11520K, reserved 11648K
}
Event: 2.325 GC heap before
{Heap before GC invocations=24 (full 2):
 def new generation   total 5056K, used 5056K [0x04200000, 0x04770000, 0x09750000)
  eden space 4544K, 100% used [0x04200000, 0x04670000, 0x04670000)
  from space 512K, 100% used [0x046f0000, 0x04770000, 0x04770000)
  to   space 512K,   0% used [0x04670000, 0x04670000, 0x046f0000)
 tenured generation   total 10944K, used 9983K [0x09750000, 0x0a200000, 0x14200000)
   the space 10944K,  91% used [0x09750000, 0x0a10fc88, 0x0a10fe00, 0x0a200000)
 Metaspace       used 12151K, capacity 12352K, committed 12416K, reserved 12672K
Event: 2.337 GC heap after
Heap after GC invocations=25 (full 3):
 def new generation   total 5056K, used 0K [0x04200000, 0x04770000, 0x09750000)
  eden space 4544K,   0% used [0x04200000, 0x04200000, 0x04670000)
  from space 512K,   0% used [0x04670000, 0x04670000, 0x046f0000)
  to   space 512K,   0% used [0x046f0000, 0x046f0000, 0x04770000)
 tenured generation   total 10944K, used 4665K [0x09750000, 0x0a200000, 0x14200000)
   the space 10944K,  42% used [0x09750000, 0x09bde718, 0x09bde800, 0x0a200000)
 Metaspace       used 12151K, capacity 12352K, committed 12416K, reserved 12672K
}
Event: 2.497 GC heap before
{Heap before GC invocations=25 (full 3):
 def new generation   total 5056K, used 4544K [0x04200000, 0x04770000, 0x09750000)
  eden space 4544K, 100% used [0x04200000, 0x04670000, 0x04670000)
  from space 512K,   0% used [0x04670000, 0x04670000, 0x046f0000)
  to   space 512K,   0% used [0x046f0000, 0x046f0000, 0x04770000)
 tenured generation   total 10944K, used 4665K [0x09750000, 0x0a200000, 0x14200000)
   the space 10944K,  42% used [0x09750000, 0x09bde718, 0x09bde800, 0x0a200000)
 Metaspace       used 13119K, capacity 13314K, committed 13440K, reserved 13696K
Event: 2.499 GC heap after
Heap after GC invocations=26 (full 3):
 def new generation   total 5056K, used 512K [0x04200000, 0x04770000, 0x09750000)
  eden space 4544K,   0% used [0x04200000, 0x04200000, 0x04670000)
  from space 512K, 100% used [0x046f0000, 0x04770000, 0x04770000)
  to   space 512K,   0% used [0x04670000, 0x04670000, 0x046f0000)
 tenured generation   total 10944K, used 5117K [0x09750000, 0x0a200000, 0x14200000)
   the space 10944K,  46% used [0x09750000, 0x09c4f460, 0x09c4f600, 0x0a200000)
 Metaspace       used 13119K, capacity 13314K, committed 13440K, reserved 13696K
}

